2025-08-07 14:20:09,039 - training - INFO - Configuration:
2025-08-07 14:20:09,040 - training - INFO - data:
  data_dir: HAM10000
  metadata_path: HAM10000/HAM10000_metadata.csv
  image_size: 224
  batch_size: 8
  num_workers: 4
  val_split: 0.15
  test_split: 0.15
  use_metadata: false
  use_weighted_sampling: true
  seed: 42
model:
  architecture: efficientnet_b0
  pretrained: true
  num_classes: 7
  dropout: 0.3
  use_metadata: false
training:
  epochs: 1
  learning_rate: 0.001
  weight_decay: 0.0001
  optimizer: adamw
  scheduler: cosine
  early_stopping_patience: 1
  gradient_clip_val: 1.0
  loss: focal
experiment:
  name: baseline_efficientnet_b0
  project_name: skin-lesion-classification
  seed: 42
  device: cuda
  use_wandb: false
  checkpoint_dir: checkpoints
inference:
  tta_enabled: true
  tta_transforms: 5
  confidence_threshold: 0.7
  batch_size: 32
advanced:
  use_ensemble: false
  ensemble_models:
  - efficientnet_b0
  - efficientnet_b1
  - resnet50
  ensemble_weights: null
targets:
  min_val_auc: 0.9
  min_val_accuracy: 0.85
  max_inference_time_ms: 100
  max_model_size_mb: 50

2025-08-07 14:20:09,040 - training - INFO - Setting up data module...
2025-08-07 14:21:05,720 - training - INFO - Configuration:
2025-08-07 14:21:05,721 - training - INFO - data:
  data_dir: HAM10000
  metadata_path: HAM10000/HAM10000_metadata.csv
  image_size: 224
  batch_size: 4
  num_workers: 0
  val_split: 0.15
  test_split: 0.15
  use_metadata: false
  use_weighted_sampling: true
  seed: 42
model:
  architecture: efficientnet_b0
  pretrained: true
  num_classes: 7
  dropout: 0.3
  use_metadata: false
training:
  epochs: 1
  learning_rate: 0.001
  weight_decay: 0.0001
  optimizer: adamw
  scheduler: cosine
  early_stopping_patience: 10
  gradient_clip_val: 1.0
  loss: focal
experiment:
  name: baseline_efficientnet_b0
  project_name: skin-lesion-classification
  seed: 42
  device: cpu
  use_wandb: false
  checkpoint_dir: checkpoints
inference:
  tta_enabled: true
  tta_transforms: 5
  confidence_threshold: 0.7
  batch_size: 32
advanced:
  use_ensemble: false
  ensemble_models:
  - efficientnet_b0
  - efficientnet_b1
  - resnet50
  ensemble_weights: null
targets:
  min_val_auc: 0.9
  min_val_accuracy: 0.85
  max_inference_time_ms: 100
  max_model_size_mb: 50

2025-08-07 14:21:05,721 - training - INFO - Setting up data module...
2025-08-07 14:21:05,968 - training - INFO - Creating model: efficientnet_b0
2025-08-07 14:21:08,051 - training - INFO - Starting training...
2025-08-07 14:23:53,214 - training - INFO - Configuration:
2025-08-07 14:23:53,216 - training - INFO - data:
  data_dir: HAM10000
  metadata_path: HAM10000/HAM10000_metadata.csv
  image_size: 224
  batch_size: 32
  num_workers: 4
  val_split: 0.15
  test_split: 0.15
  use_metadata: false
  use_weighted_sampling: true
  seed: 42
model:
  architecture: efficientnet_b0
  pretrained: true
  num_classes: 7
  dropout: 0.3
  use_metadata: false
training:
  epochs: 50
  learning_rate: 0.001
  weight_decay: 0.0001
  optimizer: adamw
  scheduler: cosine
  early_stopping_patience: 10
  gradient_clip_val: 1.0
  loss: focal
experiment:
  name: baseline_efficientnet_b0
  project_name: skin-lesion-classification
  seed: 42
  device: cuda
  use_wandb: false
  checkpoint_dir: checkpoints
inference:
  tta_enabled: true
  tta_transforms: 5
  confidence_threshold: 0.7
  batch_size: 32
advanced:
  use_ensemble: false
  ensemble_models:
  - efficientnet_b0
  - efficientnet_b1
  - resnet50
  ensemble_weights: null
targets:
  min_val_auc: 0.9
  min_val_accuracy: 0.85
  max_inference_time_ms: 100
  max_model_size_mb: 50

2025-08-07 14:23:53,216 - training - INFO - Setting up data module...
2025-08-07 14:23:53,476 - training - INFO - Creating model: efficientnet_b0
2025-08-07 14:25:19,673 - training - INFO - Configuration:
2025-08-07 14:25:19,675 - training - INFO - data:
  data_dir: HAM10000
  metadata_path: HAM10000/HAM10000_metadata.csv
  image_size: 224
  batch_size: 4
  num_workers: 0
  val_split: 0.15
  test_split: 0.15
  use_metadata: false
  use_weighted_sampling: true
  seed: 42
model:
  architecture: efficientnet_b0
  pretrained: true
  num_classes: 7
  dropout: 0.3
  use_metadata: false
training:
  epochs: 1
  learning_rate: 0.001
  weight_decay: 0.0001
  optimizer: adamw
  scheduler: cosine
  early_stopping_patience: 10
  gradient_clip_val: 1.0
  loss: focal
experiment:
  name: baseline_efficientnet_b0
  project_name: skin-lesion-classification
  seed: 42
  device: cpu
  use_wandb: false
  checkpoint_dir: checkpoints
inference:
  tta_enabled: true
  tta_transforms: 5
  confidence_threshold: 0.7
  batch_size: 32
advanced:
  use_ensemble: false
  ensemble_models:
  - efficientnet_b0
  - efficientnet_b1
  - resnet50
  ensemble_weights: null
targets:
  min_val_auc: 0.9
  min_val_accuracy: 0.85
  max_inference_time_ms: 100
  max_model_size_mb: 50

2025-08-07 14:25:19,675 - training - INFO - Setting up data module...
2025-08-07 14:25:19,950 - training - INFO - Creating model: efficientnet_b0
2025-08-07 14:25:21,176 - training - INFO - Starting training...
2025-08-07 14:25:42,361 - training - INFO - Configuration:
2025-08-07 14:25:42,363 - training - INFO - data:
  data_dir: HAM10000
  metadata_path: HAM10000/HAM10000_metadata.csv
  image_size: 224
  batch_size: 8
  num_workers: 0
  val_split: 0.15
  test_split: 0.15
  use_metadata: false
  use_weighted_sampling: true
  seed: 42
model:
  architecture: efficientnet_b0
  pretrained: true
  num_classes: 7
  dropout: 0.3
  use_metadata: false
training:
  epochs: 1
  learning_rate: 0.001
  weight_decay: 0.0001
  optimizer: adamw
  scheduler: cosine
  early_stopping_patience: 1
  gradient_clip_val: 1.0
  loss: focal
experiment:
  name: baseline_efficientnet_b0
  project_name: skin-lesion-classification
  seed: 42
  device: mps
  use_wandb: false
  checkpoint_dir: checkpoints
inference:
  tta_enabled: true
  tta_transforms: 5
  confidence_threshold: 0.7
  batch_size: 32
advanced:
  use_ensemble: false
  ensemble_models:
  - efficientnet_b0
  - efficientnet_b1
  - resnet50
  ensemble_weights: null
targets:
  min_val_auc: 0.9
  min_val_accuracy: 0.85
  max_inference_time_ms: 100
  max_model_size_mb: 50

2025-08-07 14:25:42,363 - training - INFO - Setting up data module...
2025-08-07 14:25:42,642 - training - INFO - Creating model: efficientnet_b0
2025-08-07 14:25:42,910 - training - INFO - Starting training...
2025-08-07 14:27:36,699 - training - INFO - Running test evaluation...
2025-08-07 14:33:40,094 - training - INFO - Configuration:
2025-08-07 14:33:40,095 - training - INFO - data:
  data_dir: HAM10000
  metadata_path: HAM10000/HAM10000_metadata.csv
  image_size: 224
  batch_size: 32
  num_workers: 4
  val_split: 0.15
  test_split: 0.15
  use_metadata: false
  use_weighted_sampling: true
  seed: 42
model:
  architecture: efficientnet_b0
  pretrained: true
  num_classes: 7
  dropout: 0.3
  use_metadata: false
training:
  epochs: 50
  learning_rate: 0.001
  weight_decay: 0.0001
  optimizer: adamw
  scheduler: cosine
  early_stopping_patience: 10
  gradient_clip_val: 1.0
  loss: focal
experiment:
  name: baseline_efficientnet_b0
  project_name: skin-lesion-classification
  seed: 42
  device: mps
  use_wandb: false
  checkpoint_dir: checkpoints
inference:
  tta_enabled: true
  tta_transforms: 5
  confidence_threshold: 0.7
  batch_size: 32
advanced:
  use_ensemble: false
  ensemble_models:
  - efficientnet_b0
  - efficientnet_b1
  - resnet50
  ensemble_weights: null
targets:
  min_val_auc: 0.9
  min_val_accuracy: 0.85
  max_inference_time_ms: 100
  max_model_size_mb: 50

2025-08-07 14:33:40,095 - training - INFO - Setting up data module...
2025-08-07 14:33:40,374 - training - INFO - Creating model: efficientnet_b0
2025-08-07 14:33:40,630 - training - INFO - Starting training...
2025-08-07 16:45:49,567 - training - INFO - Configuration:
2025-08-07 16:45:49,568 - training - INFO - data:
  data_dir: HAM10000
  metadata_path: HAM10000/HAM10000_metadata.csv
  image_size: 224
  batch_size: 16
  num_workers: 0
  val_split: 0.15
  test_split: 0.15
  use_metadata: false
  use_weighted_sampling: true
  seed: 42
model:
  architecture: efficientnet_b0
  pretrained: true
  num_classes: 7
  dropout: 0.3
  use_metadata: false
training:
  epochs: 1
  learning_rate: 0.001
  weight_decay: 0.0001
  optimizer: adamw
  scheduler: cosine
  early_stopping_patience: 10
  gradient_clip_val: 1.0
  loss: focal
experiment:
  name: baseline_efficientnet_b0
  project_name: skin-lesion-classification
  seed: 42
  device: mps
  use_wandb: false
  checkpoint_dir: checkpoints
inference:
  tta_enabled: true
  tta_transforms: 5
  confidence_threshold: 0.7
  batch_size: 32
advanced:
  use_ensemble: false
  ensemble_models:
  - efficientnet_b0
  - efficientnet_b1
  - resnet50
  ensemble_weights: null
targets:
  min_val_auc: 0.9
  min_val_accuracy: 0.85
  max_inference_time_ms: 100
  max_model_size_mb: 50

2025-08-07 16:45:49,568 - training - INFO - Setting up data module...
2025-08-07 16:45:49,883 - training - INFO - Creating model: efficientnet_b0
2025-08-07 16:45:51,222 - training - INFO - Starting training...
2025-08-07 16:47:03,396 - training - INFO - Configuration:
2025-08-07 16:47:03,398 - training - INFO - data:
  data_dir: HAM10000
  metadata_path: HAM10000/HAM10000_metadata.csv
  image_size: 224
  batch_size: 32
  num_workers: 0
  val_split: 0.15
  test_split: 0.15
  use_metadata: false
  use_weighted_sampling: true
  seed: 42
model:
  architecture: efficientnet_b0
  pretrained: true
  num_classes: 7
  dropout: 0.3
  use_metadata: false
training:
  epochs: 50
  learning_rate: 0.001
  weight_decay: 0.0001
  optimizer: adamw
  scheduler: cosine
  early_stopping_patience: 10
  gradient_clip_val: 1.0
  loss: focal
experiment:
  name: baseline_efficientnet_b0
  project_name: skin-lesion-classification
  seed: 42
  device: mps
  use_wandb: false
  checkpoint_dir: checkpoints
inference:
  tta_enabled: true
  tta_transforms: 5
  confidence_threshold: 0.7
  batch_size: 32
advanced:
  use_ensemble: false
  ensemble_models:
  - efficientnet_b0
  - efficientnet_b1
  - resnet50
  ensemble_weights: null
targets:
  min_val_auc: 0.9
  min_val_accuracy: 0.85
  max_inference_time_ms: 100
  max_model_size_mb: 50

2025-08-07 16:47:03,398 - training - INFO - Setting up data module...
2025-08-07 16:47:03,667 - training - INFO - Creating model: efficientnet_b0
2025-08-07 16:47:03,944 - training - INFO - Starting training...
2025-08-07 17:27:18,490 - training - INFO - Running test evaluation...
2025-08-07 17:27:24,734 - training - INFO - ==================================================
2025-08-07 17:27:24,734 - training - INFO - Training completed!
2025-08-07 17:27:24,734 - training - INFO - Best validation AUC: 0.9788
2025-08-07 17:27:24,735 - training - INFO - Test AUC: 0.9758
2025-08-07 17:27:24,735 - training - INFO - Test Accuracy: 0.8749
2025-08-07 17:27:24,735 - training - INFO - Test Balanced Accuracy: 0.8267
2025-08-07 17:27:24,735 - training - INFO - ✓ AUC target met: 0.9758 >= 0.9
2025-08-07 17:27:24,735 - training - INFO - ✓ Accuracy target met: 0.8749 >= 0.85
2025-08-07 17:41:45,027 - training - INFO - Configuration:
2025-08-07 17:41:45,029 - training - INFO - data:
  data_dir: HAM10000
  metadata_path: HAM10000/HAM10000_metadata.csv
  image_size: 224
  batch_size: 32
  num_workers: 0
  val_split: 0.15
  test_split: 0.15
  use_metadata: false
  use_weighted_sampling: true
  seed: 42
model:
  architecture: efficientnet_b0
  pretrained: true
  num_classes: 7
  dropout: 0.3
  use_metadata: false
training:
  epochs: 50
  learning_rate: 0.001
  weight_decay: 0.0001
  optimizer: adamw
  scheduler: cosine
  early_stopping_patience: 10
  gradient_clip_val: 1.0
  loss: focal
experiment:
  name: baseline_efficientnet_b0
  project_name: skin-lesion-classification
  seed: 42
  device: mps
  use_wandb: false
  checkpoint_dir: checkpoints
inference:
  tta_enabled: true
  tta_transforms: 5
  confidence_threshold: 0.7
  batch_size: 32
advanced:
  use_ensemble: false
  ensemble_models:
  - efficientnet_b0
  - efficientnet_b1
  - resnet50
  ensemble_weights: null
targets:
  min_val_auc: 0.9
  min_val_accuracy: 0.85
  max_inference_time_ms: 100
  max_model_size_mb: 50

2025-08-07 17:41:45,029 - training - INFO - Setting up data module...
2025-08-07 17:41:45,302 - training - INFO - Creating model: efficientnet_b0
2025-08-07 17:41:46,620 - training - INFO - Starting training...
2025-08-07 18:09:42,693 - training - INFO - Running test evaluation...
2025-08-07 18:09:49,149 - training - INFO - ==================================================
2025-08-07 18:09:49,149 - training - INFO - Training completed!
2025-08-07 18:09:49,149 - training - INFO - Best validation AUC: 0.9751
2025-08-07 18:09:49,149 - training - INFO - Test AUC: 0.9772
2025-08-07 18:09:49,150 - training - INFO - Test Accuracy: 0.8317
2025-08-07 18:09:49,150 - training - INFO - Test Balanced Accuracy: 0.8178
2025-08-07 18:09:49,150 - training - INFO - ✓ AUC target met: 0.9772 >= 0.9
2025-08-07 18:09:49,150 - training - WARNING - ✗ Accuracy target not met: 0.8317 < 0.85
